Ghostscript DLL found! Source:local path
Dll path:
Lib path:F:\Everything\PCP_MAIN\PCP_Combined\PCP_UT_Final_version\bin2\bin\lib;F:\Everything\PCP_MAIN\PCP_Combined\PCP_UT_Final_version\bin2\bin\fonts;F:\Everything\PCP_MAIN\PCP_Combined\PCP_UT_Final_version\bin2\bin\resource;F:\Everything\PCP_MAIN\PCP_Combined\PCP_UT_Final_version\bin2\bin\bin;C:\Windows\fonts

------------------------------------
2023/12/20 16:32:33 blank.pdf
 0:dummy.exe
 1:-dBATCH
 2:-IF:\Everything\PCP_MAIN\PCP_Combined\PCP_UT_Final_version\bin2\bin\lib;F:\Everything\PCP_MAIN\PCP_Combined\PCP_UT_Final_version\bin2\bin\fonts;F:\Everything\PCP_MAIN\PCP_Combined\PCP_UT_Final_version\bin2\bin\resource;F:\Everything\PCP_MAIN\PCP_Combined\PCP_UT_Final_version\bin2\bin\bin;C:\Windows\fonts
 3:-c
 4:mark /NoCancel true /OutputFile (%printer%Microsoft Print to PDF) /UserSettings << /DocumentName (blank.pdf) /MaxResolution 300 /Color 1 /Paper 9 >>  (mswinpr2) finddevice putdeviceprops setdevice
 5:-f
 6:C:/Users/Selva/AppData/Local/Temp/.OWM/blank.pdf
GPL Ghostscript 8.63 (2008-08-01)
Copyright (C) 2008 Artifex Software, Inc.  All rights reserved.
This software comes with NO WARRANTY: see the file PUBLIC for details.
Printer StartDoc failed (error 000004c7)
Error: /limitcheck in --setdevice--
Operand stack:
   --nostringval--
Execution stack:
   %interp_exit   .runexec2   --nostringval--   --nostringval--   --nostringval--   2   %stopped_push   --nostringval--   --nostringval--   --nostringval--   false   1   %stopped_push   .runexec2   --nostringval--   --nostringval--   --nostringval--   2   %stopped_push   --nostringval--   1773   1   3   %oparray_pop   --nostringval--
Dictionary stack:
   --dict:1145/1684(ro)(G)--   --dict:0/20(G)--   --dict:70/200(L)--
Current allocation mode is local
Last OS error: No such file or directory
GPL Ghostscript 8.63: Unrecoverable error, exit code 1
Ghostscript DLL found! Source:local path
Dll path:
Lib path:F:\Everything\PCP_MAIN\PCP_Combined\PCP_UT_Final_version\bin2\bin\lib;F:\Everything\PCP_MAIN\PCP_Combined\PCP_UT_Final_version\bin2\bin\fonts;F:\Everything\PCP_MAIN\PCP_Combined\PCP_UT_Final_version\bin2\bin\resource;F:\Everything\PCP_MAIN\PCP_Combined\PCP_UT_Final_version\bin2\bin\bin;C:\Windows\fonts

------------------------------------
2023/12/20 16:33:00 blank.pdf
 0:dummy.exe
 1:-dBATCH
 2:-IF:\Everything\PCP_MAIN\PCP_Combined\PCP_UT_Final_version\bin2\bin\lib;F:\Everything\PCP_MAIN\PCP_Combined\PCP_UT_Final_version\bin2\bin\fonts;F:\Everything\PCP_MAIN\PCP_Combined\PCP_UT_Final_version\bin2\bin\resource;F:\Everything\PCP_MAIN\PCP_Combined\PCP_UT_Final_version\bin2\bin\bin;C:\Windows\fonts
 3:-c
 4:mark /NoCancel true /OutputFile (%printer%Microsoft Print to PDF) /UserSettings << /DocumentName (blank.pdf) /MaxResolution 300 /Color 1 /Paper 9 >>  (mswinpr2) finddevice putdeviceprops setdevice
 5:-f
 6:C:/Users/Selva/AppData/Local/Temp/.OWM/blank.pdf
GPL Ghostscript 8.63 (2008-08-01)
Copyright (C) 2008 Artifex Software, Inc.  All rights reserved.
This software comes with NO WARRANTY: see the file PUBLIC for details.
Printer StartDoc failed (error 000004c7)
Error: /limitcheck in --setdevice--
Operand stack:
   --nostringval--
Execution stack:
   %interp_exit   .runexec2   --nostringval--   --nostringval--   --nostringval--   2   %stopped_push   --nostringval--   --nostringval--   --nostringval--   false   1   %stopped_push   .runexec2   --nostringval--   --nostringval--   --nostringval--   2   %stopped_push   --nostringval--   1773   1   3   %oparray_pop   --nostringval--
Dictionary stack:
   --dict:1145/1684(ro)(G)--   --dict:0/20(G)--   --dict:70/200(L)--
Current allocation mode is local
Last OS error: No such file or directory
GPL Ghostscript 8.63: Unrecoverable error, exit code 1
Ghostscript DLL found! Source:local path
Dll path:
Lib path:F:\Everything\PCP_MAIN\PCP_Combined\PCP_UT_Final_version\PCP\bin\lib;F:\Everything\PCP_MAIN\PCP_Combined\PCP_UT_Final_version\PCP\bin\fonts;F:\Everything\PCP_MAIN\PCP_Combined\PCP_UT_Final_version\PCP\bin\resource;F:\Everything\PCP_MAIN\PCP_Combined\PCP_UT_Final_version\PCP\bin\bin;C:\Windows\fonts

------------------------------------
2023/12/20 16:34:36 blank.pdf
 0:dummy.exe
 1:-dBATCH
 2:-IF:\Everything\PCP_MAIN\PCP_Combined\PCP_UT_Final_version\PCP\bin\lib;F:\Everything\PCP_MAIN\PCP_Combined\PCP_UT_Final_version\PCP\bin\fonts;F:\Everything\PCP_MAIN\PCP_Combined\PCP_UT_Final_version\PCP\bin\resource;F:\Everything\PCP_MAIN\PCP_Combined\PCP_UT_Final_version\PCP\bin\bin;C:\Windows\fonts
 3:-c
 4:mark /NoCancel true /OutputFile (%printer%Microsoft Print to PDF) /UserSettings << /DocumentName (blank.pdf) /MaxResolution 300 /Color 1 /Paper 9 >>  (mswinpr2) finddevice putdeviceprops setdevice
 5:-f
 6:C:/Users/Selva/AppData/Local/Temp/.OWM/blank.pdf
GPL Ghostscript 8.63 (2008-08-01)
Copyright (C) 2008 Artifex Software, Inc.  All rights reserved.
This software comes with NO WARRANTY: see the file PUBLIC for details.
Printer StartDoc failed (error 000004c7)
Error: /limitcheck in --setdevice--
Operand stack:
   --nostringval--
Execution stack:
   %interp_exit   .runexec2   --nostringval--   --nostringval--   --nostringval--   2   %stopped_push   --nostringval--   --nostringval--   --nostringval--   false   1   %stopped_push   .runexec2   --nostringval--   --nostringval--   --nostringval--   2   %stopped_push   --nostringval--   1773   1   3   %oparray_pop   --nostringval--
Dictionary stack:
   --dict:1145/1684(ro)(G)--   --dict:0/20(G)--   --dict:70/200(L)--
Current allocation mode is local
Last OS error: No such file or directory
GPL Ghostscript 8.63: Unrecoverable error, exit code 1
Ghostscript DLL found! Source:local path
Dll path:
Lib path:F:\Everything\PCP_MAIN\PCP_Combined\PCP_UT_Final_version\PCP\bin\lib;F:\Everything\PCP_MAIN\PCP_Combined\PCP_UT_Final_version\PCP\bin\fonts;F:\Everything\PCP_MAIN\PCP_Combined\PCP_UT_Final_version\PCP\bin\resource;F:\Everything\PCP_MAIN\PCP_Combined\PCP_UT_Final_version\PCP\bin\bin;C:\Windows\fonts

------------------------------------
2023/12/20 16:44:02 blank.pdf
 0:dummy.exe
 1:-dBATCH
 2:-IF:\Everything\PCP_MAIN\PCP_Combined\PCP_UT_Final_version\PCP\bin\lib;F:\Everything\PCP_MAIN\PCP_Combined\PCP_UT_Final_version\PCP\bin\fonts;F:\Everything\PCP_MAIN\PCP_Combined\PCP_UT_Final_version\PCP\bin\resource;F:\Everything\PCP_MAIN\PCP_Combined\PCP_UT_Final_version\PCP\bin\bin;C:\Windows\fonts
 3:-c
 4:mark /NoCancel true /OutputFile (%printer%Microsoft Print to PDF) /UserSettings << /DocumentName (blank.pdf) /MaxResolution 300 /Color 1 /Paper 9 >>  (mswinpr2) finddevice putdeviceprops setdevice
 5:-f
 6:C:/Users/Selva/AppData/Local/Temp/.OWM/blank.pdf
GPL Ghostscript 8.63 (2008-08-01)
Copyright (C) 2008 Artifex Software, Inc.  All rights reserved.
This software comes with NO WARRANTY: see the file PUBLIC for details.
Printer StartDoc failed (error 000004c7)
Error: /limitcheck in --setdevice--
Operand stack:
   --nostringval--
Execution stack:
   %interp_exit   .runexec2   --nostringval--   --nostringval--   --nostringval--   2   %stopped_push   --nostringval--   --nostringval--   --nostringval--   false   1   %stopped_push   .runexec2   --nostringval--   --nostringval--   --nostringval--   2   %stopped_push   --nostringval--   1773   1   3   %oparray_pop   --nostringval--
Dictionary stack:
   --dict:1145/1684(ro)(G)--   --dict:0/20(G)--   --dict:70/200(L)--
Current allocation mode is local
Last OS error: No such file or directory
GPL Ghostscript 8.63: Unrecoverable error, exit code 1
Ghostscript DLL found! Source:local path
Dll path:
Lib path:F:\Everything\PCP_MAIN\PCP_Combined\PCP_UT_Final_version\PCP\bin\lib;F:\Everything\PCP_MAIN\PCP_Combined\PCP_UT_Final_version\PCP\bin\fonts;F:\Everything\PCP_MAIN\PCP_Combined\PCP_UT_Final_version\PCP\bin\resource;F:\Everything\PCP_MAIN\PCP_Combined\PCP_UT_Final_version\PCP\bin\bin;C:\Windows\fonts

------------------------------------
2023/12/20 16:48:28 blank.pdf
 0:dummy.exe
 1:-dBATCH
 2:-IF:\Everything\PCP_MAIN\PCP_Combined\PCP_UT_Final_version\PCP\bin\lib;F:\Everything\PCP_MAIN\PCP_Combined\PCP_UT_Final_version\PCP\bin\fonts;F:\Everything\PCP_MAIN\PCP_Combined\PCP_UT_Final_version\PCP\bin\resource;F:\Everything\PCP_MAIN\PCP_Combined\PCP_UT_Final_version\PCP\bin\bin;C:\Windows\fonts
 3:-c
 4:mark /NoCancel true /OutputFile (%printer%Microsoft Print to PDF) /UserSettings << /DocumentName (blank.pdf) /MaxResolution 300 /Color 1 /Paper 9 >>  (mswinpr2) finddevice putdeviceprops setdevice
 5:-f
 6:C:/Users/Selva/AppData/Local/Temp/.OWM/blank.pdf
GPL Ghostscript 8.63 (2008-08-01)
Copyright (C) 2008 Artifex Software, Inc.  All rights reserved.
This software comes with NO WARRANTY: see the file PUBLIC for details.
Printer StartDoc failed (error 000004c7)
Error: /limitcheck in --setdevice--
Operand stack:
   --nostringval--
Execution stack:
   %interp_exit   .runexec2   --nostringval--   --nostringval--   --nostringval--   2   %stopped_push   --nostringval--   --nostringval--   --nostringval--   false   1   %stopped_push   .runexec2   --nostringval--   --nostringval--   --nostringval--   2   %stopped_push   --nostringval--   1773   1   3   %oparray_pop   --nostringval--
Dictionary stack:
   --dict:1145/1684(ro)(G)--   --dict:0/20(G)--   --dict:70/200(L)--
Current allocation mode is local
Last OS error: No such file or directory
GPL Ghostscript 8.63: Unrecoverable error, exit code 1
Ghostscript DLL found! Source:local path
Dll path:
Lib path:F:\Everything\PCP_MAIN\PCP_Combined\PCP_UT_Final_version\PCP\bin\lib;F:\Everything\PCP_MAIN\PCP_Combined\PCP_UT_Final_version\PCP\bin\fonts;F:\Everything\PCP_MAIN\PCP_Combined\PCP_UT_Final_version\PCP\bin\resource;F:\Everything\PCP_MAIN\PCP_Combined\PCP_UT_Final_version\PCP\bin\bin;C:\Windows\fonts

------------------------------------
2023/12/20 17:04:38 blank.pdf
 0:dummy.exe
 1:-dBATCH
 2:-IF:\Everything\PCP_MAIN\PCP_Combined\PCP_UT_Final_version\PCP\bin\lib;F:\Everything\PCP_MAIN\PCP_Combined\PCP_UT_Final_version\PCP\bin\fonts;F:\Everything\PCP_MAIN\PCP_Combined\PCP_UT_Final_version\PCP\bin\resource;F:\Everything\PCP_MAIN\PCP_Combined\PCP_UT_Final_version\PCP\bin\bin;C:\Windows\fonts
 3:-c
 4:mark /NoCancel true /OutputFile (%printer%Microsoft Print to PDF) /UserSettings << /DocumentName (blank.pdf) /MaxResolution 300 /Color 1 /Paper 9 >>  (mswinpr2) finddevice putdeviceprops setdevice
 5:-f
 6:C:/Users/Selva/AppData/Local/Temp/.OWM/blank.pdf
GPL Ghostscript 8.63 (2008-08-01)
Copyright (C) 2008 Artifex Software, Inc.  All rights reserved.
This software comes with NO WARRANTY: see the file PUBLIC for details.
Printer StartDoc failed (error 000004c7)
Error: /limitcheck in --setdevice--
Operand stack:
   --nostringval--
Execution stack:
   %interp_exit   .runexec2   --nostringval--   --nostringval--   --nostringval--   2   %stopped_push   --nostringval--   --nostringval--   --nostringval--   false   1   %stopped_push   .runexec2   --nostringval--   --nostringval--   --nostringval--   2   %stopped_push   --nostringval--   1773   1   3   %oparray_pop   --nostringval--
Dictionary stack:
   --dict:1145/1684(ro)(G)--   --dict:0/20(G)--   --dict:70/200(L)--
Current allocation mode is local
Last OS error: No such file or directory
GPL Ghostscript 8.63: Unrecoverable error, exit code 1
Ghostscript DLL found! Source:local path
Dll path:
Lib path:F:\Everything\PCP_MAIN\PCP_2.0.6_UT\PCP\bin\lib;F:\Everything\PCP_MAIN\PCP_2.0.6_UT\PCP\bin\fonts;F:\Everything\PCP_MAIN\PCP_2.0.6_UT\PCP\bin\resource;F:\Everything\PCP_MAIN\PCP_2.0.6_UT\PCP\bin\bin;C:\Windows\fonts

------------------------------------
2023/12/22 15:23:17 blank.pdf
 0:dummy.exe
 1:-dBATCH
 2:-IF:\Everything\PCP_MAIN\PCP_2.0.6_UT\PCP\bin\lib;F:\Everything\PCP_MAIN\PCP_2.0.6_UT\PCP\bin\fonts;F:\Everything\PCP_MAIN\PCP_2.0.6_UT\PCP\bin\resource;F:\Everything\PCP_MAIN\PCP_2.0.6_UT\PCP\bin\bin;C:\Windows\fonts
 3:-c
 4:mark /NoCancel true /OutputFile (%printer%Microsoft Print to PDF) /UserSettings << /DocumentName (blank.pdf) /MaxResolution 300 /Color 1 /Paper 9 >>  (mswinpr2) finddevice putdeviceprops setdevice
 5:-f
 6:C:/Users/Selva/AppData/Local/Temp/.OWM/blank.pdf
GPL Ghostscript 8.63 (2008-08-01)
Copyright (C) 2008 Artifex Software, Inc.  All rights reserved.
This software comes with NO WARRANTY: see the file PUBLIC for details.
Printer StartDoc failed (error 000004c7)
Error: /limitcheck in --setdevice--
Operand stack:
   --nostringval--
Execution stack:
   %interp_exit   .runexec2   --nostringval--   --nostringval--   --nostringval--   2   %stopped_push   --nostringval--   --nostringval--   --nostringval--   false   1   %stopped_push   .runexec2   --nostringval--   --nostringval--   --nostringval--   2   %stopped_push   --nostringval--   1773   1   3   %oparray_pop   --nostringval--
Dictionary stack:
   --dict:1145/1684(ro)(G)--   --dict:0/20(G)--   --dict:70/200(L)--
Current allocation mode is local
Last OS error: No such file or directory
GPL Ghostscript 8.63: Unrecoverable error, exit code 1
Ghostscript DLL found! Source:local path
Dll path:
Lib path:F:\Everything\PCP_MAIN\PCP_2.0.6_UT\PCP\bin\lib;F:\Everything\PCP_MAIN\PCP_2.0.6_UT\PCP\bin\fonts;F:\Everything\PCP_MAIN\PCP_2.0.6_UT\PCP\bin\resource;F:\Everything\PCP_MAIN\PCP_2.0.6_UT\PCP\bin\bin;C:\Windows\fonts

------------------------------------
2023/12/22 15:31:36 blank.pdf
 0:dummy.exe
 1:-dBATCH
 2:-IF:\Everything\PCP_MAIN\PCP_2.0.6_UT\PCP\bin\lib;F:\Everything\PCP_MAIN\PCP_2.0.6_UT\PCP\bin\fonts;F:\Everything\PCP_MAIN\PCP_2.0.6_UT\PCP\bin\resource;F:\Everything\PCP_MAIN\PCP_2.0.6_UT\PCP\bin\bin;C:\Windows\fonts
 3:-c
 4:mark /NoCancel true /OutputFile (%printer%Microsoft Print to PDF) /UserSettings << /DocumentName (blank.pdf) /MaxResolution 300 /Color 1 /Paper 9 >>  (mswinpr2) finddevice putdeviceprops setdevice
 5:-f
 6:C:/Users/Selva/AppData/Local/Temp/.OWM/blank.pdf
GPL Ghostscript 8.63 (2008-08-01)
Copyright (C) 2008 Artifex Software, Inc.  All rights reserved.
This software comes with NO WARRANTY: see the file PUBLIC for details.
Printer StartDoc failed (error 000004c7)
Error: /limitcheck in --setdevice--
Operand stack:
   --nostringval--
Execution stack:
   %interp_exit   .runexec2   --nostringval--   --nostringval--   --nostringval--   2   %stopped_push   --nostringval--   --nostringval--   --nostringval--   false   1   %stopped_push   .runexec2   --nostringval--   --nostringval--   --nostringval--   2   %stopped_push   --nostringval--   1773   1   3   %oparray_pop   --nostringval--
Dictionary stack:
   --dict:1145/1684(ro)(G)--   --dict:0/20(G)--   --dict:70/200(L)--
Current allocation mode is local
Last OS error: No such file or directory
GPL Ghostscript 8.63: Unrecoverable error, exit code 1
Ghostscript DLL found! Source:local path
Dll path:
Lib path:F:\Everything\PCP_MAIN\PCP_2.0.6_UT\PCP\bin\lib;F:\Everything\PCP_MAIN\PCP_2.0.6_UT\PCP\bin\fonts;F:\Everything\PCP_MAIN\PCP_2.0.6_UT\PCP\bin\resource;F:\Everything\PCP_MAIN\PCP_2.0.6_UT\PCP\bin\bin;C:\Windows\fonts

------------------------------------
2023/12/22 16:03:03 blank.pdf
 0:dummy.exe
 1:-dBATCH
 2:-IF:\Everything\PCP_MAIN\PCP_2.0.6_UT\PCP\bin\lib;F:\Everything\PCP_MAIN\PCP_2.0.6_UT\PCP\bin\fonts;F:\Everything\PCP_MAIN\PCP_2.0.6_UT\PCP\bin\resource;F:\Everything\PCP_MAIN\PCP_2.0.6_UT\PCP\bin\bin;C:\Windows\fonts
 3:-c
 4:mark /NoCancel true /OutputFile (%printer%Microsoft Print to PDF) /UserSettings << /DocumentName (blank.pdf) /MaxResolution 300 /Color 1 /Paper 9 >>  (mswinpr2) finddevice putdeviceprops setdevice
 5:-f
 6:C:/Users/Selva/AppData/Local/Temp/.OWM/blank.pdf
GPL Ghostscript 8.63 (2008-08-01)
Copyright (C) 2008 Artifex Software, Inc.  All rights reserved.
This software comes with NO WARRANTY: see the file PUBLIC for details.
Printer StartDoc failed (error 000004c7)
Error: /limitcheck in --setdevice--
Operand stack:
   --nostringval--
Execution stack:
   %interp_exit   .runexec2   --nostringval--   --nostringval--   --nostringval--   2   %stopped_push   --nostringval--   --nostringval--   --nostringval--   false   1   %stopped_push   .runexec2   --nostringval--   --nostringval--   --nostringval--   2   %stopped_push   --nostringval--   1773   1   3   %oparray_pop   --nostringval--
Dictionary stack:
   --dict:1145/1684(ro)(G)--   --dict:0/20(G)--   --dict:70/200(L)--
Current allocation mode is local
Last OS error: No such file or directory
GPL Ghostscript 8.63: Unrecoverable error, exit code 1
Ghostscript DLL found! Source:local path
Dll path:
Lib path:F:\Everything\PCP_MAIN\PCP_2.0.6_UT\PCP\bin\lib;F:\Everything\PCP_MAIN\PCP_2.0.6_UT\PCP\bin\fonts;F:\Everything\PCP_MAIN\PCP_2.0.6_UT\PCP\bin\resource;F:\Everything\PCP_MAIN\PCP_2.0.6_UT\PCP\bin\bin;C:\Windows\fonts

------------------------------------
2023/12/22 16:19:18 blank.pdf
 0:dummy.exe
 1:-dBATCH
 2:-IF:\Everything\PCP_MAIN\PCP_2.0.6_UT\PCP\bin\lib;F:\Everything\PCP_MAIN\PCP_2.0.6_UT\PCP\bin\fonts;F:\Everything\PCP_MAIN\PCP_2.0.6_UT\PCP\bin\resource;F:\Everything\PCP_MAIN\PCP_2.0.6_UT\PCP\bin\bin;C:\Windows\fonts
 3:-c
 4:mark /NoCancel true /OutputFile (%printer%Microsoft Print to PDF) /UserSettings << /DocumentName (blank.pdf) /MaxResolution 300 /Color 1 /Paper 9 >>  (mswinpr2) finddevice putdeviceprops setdevice
 5:-f
 6:C:/Users/Selva/AppData/Local/Temp/.OWM/blank.pdf
GPL Ghostscript 8.63 (2008-08-01)
Copyright (C) 2008 Artifex Software, Inc.  All rights reserved.
This software comes with NO WARRANTY: see the file PUBLIC for details.
Printer StartDoc failed (error 000004c7)
Error: /limitcheck in --setdevice--
Operand stack:
   --nostringval--
Execution stack:
   %interp_exit   .runexec2   --nostringval--   --nostringval--   --nostringval--   2   %stopped_push   --nostringval--   --nostringval--   --nostringval--   false   1   %stopped_push   .runexec2   --nostringval--   --nostringval--   --nostringval--   2   %stopped_push   --nostringval--   1773   1   3   %oparray_pop   --nostringval--
Dictionary stack:
   --dict:1145/1684(ro)(G)--   --dict:0/20(G)--   --dict:70/200(L)--
Current allocation mode is local
Last OS error: No such file or directory
GPL Ghostscript 8.63: Unrecoverable error, exit code 1
